# JRE version: Java(TM) SE Runtime Environment (17.0.9+11) (build 17.0.9+11-LTS-201)
# Java VM: Java HotSpot(TM) 64-Bit Server VM (17.0.9+11-LTS-201, mixed mode, sharing, tiered, compressed oops, compressed class ptrs, g1 gc, windows-amd64)
GC Precious Log:
 CPUs: 8 total, 8 available
 Memory: 8070M
 Large Page Support: Disabled
 NUMA Support: Disabled
 Compressed Oops: Enabled (32-bit)
 Heap Region Size: 1M
 Heap Min Capacity: 8M
 Heap Initial Capacity: 128M
 Heap Max Capacity: 2018M
 Pre-touch: Disabled
 Parallel Workers: 8
 Concurrent Workers: 2
 Concurrent Refinement Workers: 8
 Periodic GC: Disabled
Heap:
 garbage-first heap   total 138240K, used 49320K [0x0000000081e00000, 0x0000000100000000)
  region size 1024K, 3 young (3072K), 3 survivors (3072K)
 Metaspace       used 32858K, committed 33152K, reserved 1114112K
  class space    used 3865K, committed 4032K, reserved 1048576K
GC Heap History (17 events):
Event: 1.192 GC heap before
{Heap before GC invocations=0 (full 0):
 garbage-first heap   total 131072K, used 22528K [0x0000000081e00000, 0x0000000100000000)
  region size 1024K, 23 young (23552K), 0 survivors (0K)
 Metaspace       used 5729K, committed 5888K, reserved 1114112K
  class space    used 670K, committed 768K, reserved 1048576K
}
Event: 1.201 GC heap after
{Heap after GC invocations=1 (full 0):
 garbage-first heap   total 131072K, used 3733K [0x0000000081e00000, 0x0000000100000000)
  region size 1024K, 3 young (3072K), 3 survivors (3072K)
 Metaspace       used 5729K, committed 5888K, reserved 1114112K
  class space    used 670K, committed 768K, reserved 1048576K
}
Event: 2.093 GC heap before
{Heap before GC invocations=1 (full 0):
 garbage-first heap   total 131072K, used 35477K [0x0000000081e00000, 0x0000000100000000)
  region size 1024K, 34 young (34816K), 3 survivors (3072K)
 Metaspace       used 9178K, committed 9408K, reserved 1114112K
  class space    used 1080K, committed 1216K, reserved 1048576K
}
Event: 2.099 GC heap after
{Heap after GC invocations=2 (full 0):
 garbage-first heap   total 131072K, used 5599K [0x0000000081e00000, 0x0000000100000000)
  region size 1024K, 2 young (2048K), 2 survivors (2048K)
 Metaspace       used 9178K, committed 9408K, reserved 1114112K
  class space    used 1080K, committed 1216K, reserved 1048576K
}
Event: 4.596 GC heap before
{Heap before GC invocations=2 (full 0):
 garbage-first heap   total 131072K, used 80351K [0x0000000081e00000, 0x0000000100000000)
  region size 1024K, 76 young (77824K), 2 survivors (2048K)
 Metaspace       used 16254K, committed 16512K, reserved 1114112K
  class space    used 1917K, committed 2048K, reserved 1048576K
}
Event: 4.620 GC heap after
{Heap after GC invocations=3 (full 0):
 garbage-first heap   total 131072K, used 13936K [0x0000000081e00000, 0x0000000100000000)
  region size 1024K, 10 young (10240K), 10 survivors (10240K)
 Metaspace       used 16254K, committed 16512K, reserved 1114112K
  class space    used 1917K, committed 2048K, reserved 1048576K
}
Event: 6.752 GC heap before
{Heap before GC invocations=3 (full 0):
 garbage-first heap   total 131072K, used 112240K [0x0000000081e00000, 0x0000000100000000)
  region size 1024K, 73 young (74752K), 10 survivors (10240K)
 Metaspace       used 20374K, committed 20672K, reserved 1114112K
  class space    used 2349K, committed 2496K, reserved 1048576K
}
Event: 6.777 GC heap after
{Heap after GC invocations=4 (full 0):
 garbage-first heap   total 131072K, used 21676K [0x0000000081e00000, 0x0000000100000000)
  region size 1024K, 7 young (7168K), 7 survivors (7168K)
 Metaspace       used 20374K, committed 20672K, reserved 1114112K
  class space    used 2349K, committed 2496K, reserved 1048576K
}
Event: 6.913 GC heap before
{Heap before GC invocations=4 (full 0):
 garbage-first heap   total 131072K, used 28844K [0x0000000081e00000, 0x0000000100000000)
  region size 1024K, 13 young (13312K), 7 survivors (7168K)
 Metaspace       used 21267K, committed 21504K, reserved 1114112K
  class space    used 2496K, committed 2624K, reserved 1048576K
}
Event: 6.925 GC heap after
{Heap after GC invocations=5 (full 0):
 garbage-first heap   total 131072K, used 24438K [0x0000000081e00000, 0x0000000100000000)
  region size 1024K, 4 young (4096K), 4 survivors (4096K)
 Metaspace       used 21267K, committed 21504K, reserved 1114112K
  class space    used 2496K, committed 2624K, reserved 1048576K
}
Event: 8.637 GC heap before
{Heap before GC invocations=6 (full 0):
 garbage-first heap   total 89088K, used 74614K [0x0000000081e00000, 0x0000000100000000)
  region size 1024K, 52 young (53248K), 4 survivors (4096K)
 Metaspace       used 26596K, committed 26880K, reserved 1114112K
  class space    used 3061K, committed 3200K, reserved 1048576K
}
Event: 8.676 GC heap after
{Heap after GC invocations=7 (full 0):
 garbage-first heap   total 96256K, used 42266K [0x0000000081e00000, 0x0000000100000000)
  region size 1024K, 7 young (7168K), 7 survivors (7168K)
 Metaspace       used 26596K, committed 26880K, reserved 1114112K
  class space    used 3061K, committed 3200K, reserved 1048576K
}
Event: 8.711 GC heap before
{Heap before GC invocations=7 (full 0):
 garbage-first heap   total 96256K, used 43290K [0x0000000081e00000, 0x0000000100000000)
  region size 1024K, 8 young (8192K), 7 survivors (7168K)
 Metaspace       used 26641K, committed 26944K, reserved 1114112K
  class space    used 3061K, committed 3200K, reserved 1048576K
}
Event: 8.727 GC heap after
{Heap after GC invocations=8 (full 0):
 garbage-first heap   total 96256K, used 43520K [0x0000000081e00000, 0x0000000100000000)
  region size 1024K, 1 young (1024K), 1 survivors (1024K)
 Metaspace       used 26641K, committed 26944K, reserved 1114112K
  class space    used 3061K, committed 3200K, reserved 1048576K
}
Event: 9.455 GC heap before
{Heap before GC invocations=8 (full 0):
 garbage-first heap   total 96256K, used 70144K [0x0000000081e00000, 0x0000000100000000)
  region size 1024K, 27 young (27648K), 1 survivors (1024K)
 Metaspace       used 28660K, committed 28992K, reserved 1114112K
  class space    used 3302K, committed 3456K, reserved 1048576K
}
Event: 9.466 GC heap after
{Heap after GC invocations=9 (full 0):
 garbage-first heap   total 96256K, used 46592K [0x0000000081e00000, 0x0000000100000000)
  region size 1024K, 4 young (4096K), 4 survivors (4096K)
 Metaspace       used 28660K, committed 28992K, reserved 1114112K
  class space    used 3302K, committed 3456K, reserved 1048576K
}
Event: 10.442 GC heap before
{Heap before GC invocations=9 (full 0):
 garbage-first heap   total 96256K, used 71168K [0x0000000081e00000, 0x0000000100000000)
  region size 1024K, 29 young (29696K), 4 survivors (4096K)
 Metaspace       used 32858K, committed 33152K, reserved 1114112K
  class space    used 3865K, committed 4032K, reserved 1048576K
}

