# JRE version: Java(TM) SE Runtime Environment (17.0.9+11) (build 17.0.9+11-LTS-201)
# Java VM: Java HotSpot(TM) 64-Bit Server VM (17.0.9+11-LTS-201, mixed mode, sharing, tiered, compressed oops, compressed class ptrs, g1 gc, windows-amd64)
GC Precious Log:
 CPUs: 8 total, 8 available
 Memory: 8070M
 Large Page Support: Disabled
 NUMA Support: Disabled
 Compressed Oops: Enabled (32-bit)
 Heap Region Size: 1M
 Heap Min Capacity: 8M
 Heap Initial Capacity: 128M
 Heap Max Capacity: 2018M
 Pre-touch: Disabled
 Parallel Workers: 8
 Concurrent Workers: 2
 Concurrent Refinement Workers: 8
 Periodic GC: Disabled
Heap:
 garbage-first heap   total 95232K, used 63314K [0x0000000081e00000, 0x0000000100000000)
  region size 1024K, 20 young (20480K), 3 survivors (3072K)
 Metaspace       used 33487K, committed 33856K, reserved 1114112K
  class space    used 3949K, committed 4096K, reserved 1048576K
GC Heap History (16 events):
Event: 1.227 GC heap before
{Heap before GC invocations=0 (full 0):
 garbage-first heap   total 131072K, used 22528K [0x0000000081e00000, 0x0000000100000000)
  region size 1024K, 23 young (23552K), 0 survivors (0K)
 Metaspace       used 5845K, committed 6016K, reserved 1114112K
  class space    used 683K, committed 768K, reserved 1048576K
}
Event: 1.238 GC heap after
{Heap after GC invocations=1 (full 0):
 garbage-first heap   total 131072K, used 4288K [0x0000000081e00000, 0x0000000100000000)
  region size 1024K, 3 young (3072K), 3 survivors (3072K)
 Metaspace       used 5845K, committed 6016K, reserved 1114112K
  class space    used 683K, committed 768K, reserved 1048576K
}
Event: 2.184 GC heap before
{Heap before GC invocations=1 (full 0):
 garbage-first heap   total 131072K, used 33984K [0x0000000081e00000, 0x0000000100000000)
  region size 1024K, 32 young (32768K), 3 survivors (3072K)
 Metaspace       used 9121K, committed 9344K, reserved 1114112K
  class space    used 1076K, committed 1216K, reserved 1048576K
}
Event: 2.193 GC heap after
{Heap after GC invocations=2 (full 0):
 garbage-first heap   total 131072K, used 6052K [0x0000000081e00000, 0x0000000100000000)
  region size 1024K, 2 young (2048K), 2 survivors (2048K)
 Metaspace       used 9121K, committed 9344K, reserved 1114112K
  class space    used 1076K, committed 1216K, reserved 1048576K
}
Event: 4.535 GC heap before
{Heap before GC invocations=2 (full 0):
 garbage-first heap   total 131072K, used 61348K [0x0000000081e00000, 0x0000000100000000)
  region size 1024K, 56 young (57344K), 2 survivors (2048K)
 Metaspace       used 15730K, committed 15936K, reserved 1114112K
  class space    used 1880K, committed 1984K, reserved 1048576K
}
Event: 4.552 GC heap after
{Heap after GC invocations=3 (full 0):
 garbage-first heap   total 131072K, used 12426K [0x0000000081e00000, 0x0000000100000000)
  region size 1024K, 7 young (7168K), 7 survivors (7168K)
 Metaspace       used 15730K, committed 15936K, reserved 1114112K
  class space    used 1880K, committed 1984K, reserved 1048576K
}
Event: 7.046 GC heap before
{Heap before GC invocations=3 (full 0):
 garbage-first heap   total 131072K, used 75914K [0x0000000081e00000, 0x0000000100000000)
  region size 1024K, 69 young (70656K), 7 survivors (7168K)
 Metaspace       used 17171K, committed 17472K, reserved 1114112K
  class space    used 1980K, committed 2112K, reserved 1048576K
}
Event: 7.071 GC heap after
{Heap after GC invocations=4 (full 0):
 garbage-first heap   total 131072K, used 17276K [0x0000000081e00000, 0x0000000100000000)
  region size 1024K, 5 young (5120K), 5 survivors (5120K)
 Metaspace       used 17171K, committed 17472K, reserved 1114112K
  class space    used 1980K, committed 2112K, reserved 1048576K
}
Event: 10.731 GC heap before
{Heap before GC invocations=4 (full 0):
 garbage-first heap   total 131072K, used 82812K [0x0000000081e00000, 0x0000000100000000)
  region size 1024K, 34 young (34816K), 5 survivors (5120K)
 Metaspace       used 21260K, committed 21504K, reserved 1114112K
  class space    used 2484K, committed 2624K, reserved 1048576K
}
Event: 10.745 GC heap after
{Heap after GC invocations=5 (full 0):
 garbage-first heap   total 131072K, used 25383K [0x0000000081e00000, 0x0000000100000000)
  region size 1024K, 9 young (9216K), 9 survivors (9216K)
 Metaspace       used 21260K, committed 21504K, reserved 1114112K
  class space    used 2484K, committed 2624K, reserved 1048576K
}
Event: 12.424 GC heap before
{Heap before GC invocations=6 (full 0):
 garbage-first heap   total 89088K, used 71463K [0x0000000081e00000, 0x0000000100000000)
  region size 1024K, 52 young (53248K), 9 survivors (9216K)
 Metaspace       used 26471K, committed 26816K, reserved 1114112K
  class space    used 3066K, committed 3264K, reserved 1048576K
}
Event: 12.459 GC heap after
{Heap after GC invocations=7 (full 0):
 garbage-first heap   total 95232K, used 39582K [0x0000000081e00000, 0x0000000100000000)
  region size 1024K, 7 young (7168K), 7 survivors (7168K)
 Metaspace       used 26471K, committed 26816K, reserved 1114112K
  class space    used 3066K, committed 3264K, reserved 1048576K
}
Event: 13.462 GC heap before
{Heap before GC invocations=7 (full 0):
 garbage-first heap   total 95232K, used 68254K [0x0000000081e00000, 0x0000000100000000)
  region size 1024K, 35 young (35840K), 7 survivors (7168K)
 Metaspace       used 28515K, committed 28864K, reserved 1114112K
  class space    used 3272K, committed 3456K, reserved 1048576K
}
Event: 13.488 GC heap after
{Heap after GC invocations=8 (full 0):
 garbage-first heap   total 95232K, used 44924K [0x0000000081e00000, 0x0000000100000000)
  region size 1024K, 5 young (5120K), 5 survivors (5120K)
 Metaspace       used 28515K, committed 28864K, reserved 1114112K
  class space    used 3272K, committed 3456K, reserved 1048576K
}
Event: 14.685 GC heap before
{Heap before GC invocations=8 (full 0):
 garbage-first heap   total 95232K, used 69500K [0x0000000081e00000, 0x0000000100000000)
  region size 1024K, 30 young (30720K), 5 survivors (5120K)
 Metaspace       used 32410K, committed 32704K, reserved 1114112K
  class space    used 3821K, committed 3968K, reserved 1048576K
}
Event: 14.703 GC heap after
{Heap after GC invocations=9 (full 0):
 garbage-first heap   total 95232K, used 47954K [0x0000000081e00000, 0x0000000100000000)
  region size 1024K, 3 young (3072K), 3 survivors (3072K)
 Metaspace       used 32410K, committed 32704K, reserved 1114112K
  class space    used 3821K, committed 3968K, reserved 1048576K
}

