# JRE version: Java(TM) SE Runtime Environment (17.0.9+11) (build 17.0.9+11-LTS-201)
# Java VM: Java HotSpot(TM) 64-Bit Server VM (17.0.9+11-LTS-201, mixed mode, sharing, tiered, compressed oops, compressed class ptrs, g1 gc, windows-amd64)
GC Precious Log:
 CPUs: 8 total, 8 available
 Memory: 8070M
 Large Page Support: Disabled
 NUMA Support: Disabled
 Compressed Oops: Enabled (32-bit)
 Heap Region Size: 1M
 Heap Min Capacity: 8M
 Heap Initial Capacity: 128M
 Heap Max Capacity: 2018M
 Pre-touch: Disabled
 Parallel Workers: 8
 Concurrent Workers: 2
 Concurrent Refinement Workers: 8
 Periodic GC: Disabled
Heap:
 garbage-first heap   total 131072K, used 46230K [0x0000000081e00000, 0x0000000100000000)
  region size 1024K, 3 young (3072K), 3 survivors (3072K)
 Metaspace       used 28472K, committed 28864K, reserved 1114112K
  class space    used 3277K, committed 3456K, reserved 1048576K
GC Heap History (17 events):
Event: 0.855 GC heap before
{Heap before GC invocations=0 (full 0):
 garbage-first heap   total 131072K, used 22528K [0x0000000081e00000, 0x0000000100000000)
  region size 1024K, 23 young (23552K), 0 survivors (0K)
 Metaspace       used 5714K, committed 5888K, reserved 1114112K
  class space    used 669K, committed 768K, reserved 1048576K
}
Event: 0.861 GC heap after
{Heap after GC invocations=1 (full 0):
 garbage-first heap   total 131072K, used 3656K [0x0000000081e00000, 0x0000000100000000)
  region size 1024K, 3 young (3072K), 3 survivors (3072K)
 Metaspace       used 5714K, committed 5888K, reserved 1114112K
  class space    used 669K, committed 768K, reserved 1048576K
}
Event: 1.601 GC heap before
{Heap before GC invocations=1 (full 0):
 garbage-first heap   total 131072K, used 35400K [0x0000000081e00000, 0x0000000100000000)
  region size 1024K, 34 young (34816K), 3 survivors (3072K)
 Metaspace       used 9140K, committed 9280K, reserved 1114112K
  class space    used 1075K, committed 1152K, reserved 1048576K
}
Event: 1.608 GC heap after
{Heap after GC invocations=2 (full 0):
 garbage-first heap   total 131072K, used 5195K [0x0000000081e00000, 0x0000000100000000)
  region size 1024K, 2 young (2048K), 2 survivors (2048K)
 Metaspace       used 9140K, committed 9280K, reserved 1114112K
  class space    used 1075K, committed 1152K, reserved 1048576K
}
Event: 3.876 GC heap before
{Heap before GC invocations=2 (full 0):
 garbage-first heap   total 131072K, used 80971K [0x0000000081e00000, 0x0000000100000000)
  region size 1024K, 76 young (77824K), 2 survivors (2048K)
 Metaspace       used 16237K, committed 16448K, reserved 1114112K
  class space    used 1918K, committed 1984K, reserved 1048576K
}
Event: 3.896 GC heap after
{Heap after GC invocations=3 (full 0):
 garbage-first heap   total 131072K, used 13883K [0x0000000081e00000, 0x0000000100000000)
  region size 1024K, 10 young (10240K), 10 survivors (10240K)
 Metaspace       used 16237K, committed 16448K, reserved 1114112K
  class space    used 1918K, committed 1984K, reserved 1048576K
}
Event: 6.030 GC heap before
{Heap before GC invocations=3 (full 0):
 garbage-first heap   total 131072K, used 113211K [0x0000000081e00000, 0x0000000100000000)
  region size 1024K, 74 young (75776K), 10 survivors (10240K)
 Metaspace       used 20390K, committed 20608K, reserved 1114112K
  class space    used 2351K, committed 2432K, reserved 1048576K
}
Event: 6.052 GC heap after
{Heap after GC invocations=4 (full 0):
 garbage-first heap   total 131072K, used 22096K [0x0000000081e00000, 0x0000000100000000)
  region size 1024K, 7 young (7168K), 7 survivors (7168K)
 Metaspace       used 20390K, committed 20608K, reserved 1114112K
  class space    used 2351K, committed 2432K, reserved 1048576K
}
Event: 6.175 GC heap before
{Heap before GC invocations=4 (full 0):
 garbage-first heap   total 131072K, used 28240K [0x0000000081e00000, 0x0000000100000000)
  region size 1024K, 12 young (12288K), 7 survivors (7168K)
 Metaspace       used 21269K, committed 21504K, reserved 1114112K
  class space    used 2495K, committed 2624K, reserved 1048576K
}
Event: 6.185 GC heap after
{Heap after GC invocations=5 (full 0):
 garbage-first heap   total 131072K, used 24456K [0x0000000081e00000, 0x0000000100000000)
  region size 1024K, 4 young (4096K), 4 survivors (4096K)
 Metaspace       used 21269K, committed 21504K, reserved 1114112K
  class space    used 2495K, committed 2624K, reserved 1048576K
}
Event: 7.185 GC heap before
{Heap before GC invocations=6 (full 0):
 garbage-first heap   total 89088K, used 62344K [0x0000000081e00000, 0x0000000100000000)
  region size 1024K, 40 young (40960K), 4 survivors (4096K)
 Metaspace       used 26095K, committed 26432K, reserved 1114112K
  class space    used 3027K, committed 3200K, reserved 1048576K
}
Event: 7.207 GC heap after
{Heap after GC invocations=7 (full 0):
 garbage-first heap   total 89088K, used 39794K [0x0000000081e00000, 0x0000000100000000)
  region size 1024K, 6 young (6144K), 6 survivors (6144K)
 Metaspace       used 26095K, committed 26432K, reserved 1114112K
  class space    used 3027K, committed 3200K, reserved 1048576K
}
Event: 7.211 GC heap before
{Heap before GC invocations=7 (full 0):
 garbage-first heap   total 89088K, used 40818K [0x0000000081e00000, 0x0000000100000000)
  region size 1024K, 7 young (7168K), 6 survivors (6144K)
 Metaspace       used 26095K, committed 26432K, reserved 1114112K
  class space    used 3027K, committed 3200K, reserved 1048576K
}
Event: 7.224 GC heap after
{Heap after GC invocations=8 (full 0):
 garbage-first heap   total 89088K, used 40801K [0x0000000081e00000, 0x0000000100000000)
  region size 1024K, 1 young (1024K), 1 survivors (1024K)
 Metaspace       used 26095K, committed 26432K, reserved 1114112K
  class space    used 3027K, committed 3200K, reserved 1048576K
}
Event: 7.600 GC heap before
{Heap before GC invocations=8 (full 0):
 garbage-first heap   total 89088K, used 59233K [0x0000000081e00000, 0x0000000100000000)
  region size 1024K, 19 young (19456K), 1 survivors (1024K)
 Metaspace       used 27191K, committed 27456K, reserved 1114112K
  class space    used 3128K, committed 3264K, reserved 1048576K
}
Event: 7.610 GC heap after
{Heap after GC invocations=9 (full 0):
 garbage-first heap   total 89088K, used 43072K [0x0000000081e00000, 0x0000000100000000)
  region size 1024K, 3 young (3072K), 3 survivors (3072K)
 Metaspace       used 27191K, committed 27456K, reserved 1114112K
  class space    used 3128K, committed 3264K, reserved 1048576K
}
Event: 7.954 GC heap before
{Heap before GC invocations=9 (full 0):
 garbage-first heap   total 89088K, used 61504K [0x0000000081e00000, 0x0000000100000000)
  region size 1024K, 21 young (21504K), 3 survivors (3072K)
 Metaspace       used 28472K, committed 28864K, reserved 1114112K
  class space    used 3277K, committed 3456K, reserved 1048576K
}

